<?xml version="1.0" encoding="UTF-8"?>
<!-- Generated by org.testng.reporters.JUnitReportReporter -->
<testsuite hostname="DESKTOP-CLVBASN" failures="0" tests="1" name="Testing_TicketKart.TestSignUp" time="6.024" errors="0" timestamp="2024-05-22T16:39:41 IST" skipped="0">
  <testcase classname="Testing_TicketKart.TestSignUp" name="signupPage" time="6.024"/>
</testsuite> <!-- Testing_TicketKart.TestSignUp -->
