<?xml version="1.0" encoding="UTF-8"?>
<!-- Generated by org.testng.reporters.JUnitReportReporter -->
<testsuite hostname="DESKTOP-CLVBASN" failures="0" tests="1" name="Create_Event.CreateEvents" time="0.185" errors="0" timestamp="2024-05-22T14:52:31 IST" skipped="0">
  <testcase classname="Create_Event.CreateEvents" name="Event" time="0.185"/>
</testsuite> <!-- Create_Event.CreateEvents -->
